<?xml version="1.0" encoding="UTF-8"?>
<testsuites>
  <testsuite name="StressTest" file="C:\Users\jeans\Downloads\slide\nexaframeworkv1\tests\Performance\StressTest.php" tests="5" assertions="5" errors="0" failures="1" skipped="0" time="97.742122">
    <testcase name="testRouterStressTest" file="C:\Users\jeans\Downloads\slide\nexaframeworkv1\tests\Performance\StressTest.php" line="43" class="StressTest" classname="StressTest" assertions="3" time="0.040462">
      <system-out>
=== TEST DE STRESS DU ROUTEUR ===
Enregistrement de 10,000 routes...
  1000 routes enregistr√©es - M√©moire: 2MB
  2000 routes enregistr√©es - M√©moire: 6MB
  3000 routes enregistr√©es - M√©moire: 8MB
  4000 routes enregistr√©es - M√©moire: 12MB
  5000 routes enregistr√©es - M√©moire: 14MB
  6000 routes enregistr√©es - M√©moire: 18MB
  7000 routes enregistr√©es - M√©moire: 20MB
  8000 routes enregistr√©es - M√©moire: 24MB
  9000 routes enregistr√©es - M√©moire: 26MB

Test de r√©solution de routes...
  0 r√©solutions effectu√©es
  100 r√©solutions effectu√©es
  200 r√©solutions effectu√©es
  300 r√©solutions effectu√©es
  400 r√©solutions effectu√©es
  500 r√©solutions effectu√©es
  600 r√©solutions effectu√©es
  700 r√©solutions effectu√©es
  800 r√©solutions effectu√©es
  900 r√©solutions effectu√©es

R√©sultats du stress test du routeur:
  Routes enregistr√©es: 30,000
  Temps d'enregistrement: 0.026s
  M√©moire d'enregistrement: 30MB
  Routes/seconde: 1158882
  Temps de r√©solution: 0.001s
  Lookups/seconde: 763434
</system-out>
    </testcase>
    <testcase name="testMemoryStressTest" file="C:\Users\jeans\Downloads\slide\nexaframeworkv1\tests\Performance\StressTest.php" line="137" class="StressTest" classname="StressTest" assertions="0" time="0.210996">
      <system-out>
=== TEST DE STRESS M√âMOIRE ===
Test d'allocation m√©moire intensive...
  It√©ration 0 - M√©moire: 0MB
  It√©ration 100 - M√©moire: 0MB
  It√©ration 200 - M√©moire: 0MB
  It√©ration 300 - M√©moire: 0MB
  It√©ration 400 - M√©moire: 0MB
  It√©ration 500 - M√©moire: 0MB
  It√©ration 600 - M√©moire: 0MB
  It√©ration 700 - M√©moire: 0MB
  It√©ration 800 - M√©moire: 0MB
  It√©ration 900 - M√©moire: 0MB

R√©sultats du stress test m√©moire:
  It√©rations: 1000
  M√©moire utilis√©e: 0MB
  Pic de m√©moire: 0MB
  M√©moire/it√©ration: 0KB
</system-out>
    </testcase>
    <testcase name="testConcurrentRequestsSimulation" file="C:\Users\jeans\Downloads\slide\nexaframeworkv1\tests\Performance\StressTest.php" line="205" class="StressTest" classname="StressTest" assertions="2" time="0.526088">
      <failure type="PHPUnit\Framework\ExpectationFailedException">StressTest::testConcurrentRequestsSimulation&#13;
Moins de 5 erreurs attendues
Failed asserting that 900 is less than 5.
&#13;
C:\Users\jeans\Downloads\slide\nexaframeworkv1\tests\Performance\StressTest.php:298</failure>
      <system-out>
=== SIMULATION DE REQU√äTES CONCURRENTES ===
Simulation de 1000 requ√™tes concurrentes...
  0 requ√™tes trait√©es
  Erreur requ√™te 100: Rate limit exceeded
  Erreur requ√™te 101: Rate limit exceeded
  Erreur requ√™te 102: Rate limit exceeded
  Erreur requ√™te 103: Rate limit exceeded
  Erreur requ√™te 104: Rate limit exceeded
  Erreur requ√™te 105: Rate limit exceeded
  Erreur requ√™te 106: Rate limit exceeded
  Erreur requ√™te 107: Rate limit exceeded
  Erreur requ√™te 108: Rate limit exceeded

R√©sultats de la simulation de concurrence:
  Requ√™tes trait√©es: 100
  Erreurs: 900
  Taux de succ√®s: -800%
  Temps total: 0.002s
  Requ√™tes/seconde: 56307
  M√©moire/requ√™te: 0KB
</system-out>
    </testcase>
    <testcase name="testDatabaseStressTest" file="C:\Users\jeans\Downloads\slide\nexaframeworkv1\tests\Performance\StressTest.php" line="336" class="StressTest" classname="StressTest" assertions="0" time="96.962510">
      <system-out>
=== TEST DE STRESS BASE DE DONN√âES ===
Simulation d'op√©rations de base de donn√©es intensives...
  0 cycles d'op√©rations DB effectu√©s
  100 cycles d'op√©rations DB effectu√©s
  200 cycles d'op√©rations DB effectu√©s
  300 cycles d'op√©rations DB effectu√©s
  400 cycles d'op√©rations DB effectu√©s
  500 cycles d'op√©rations DB effectu√©s
  600 cycles d'op√©rations DB effectu√©s
  700 cycles d'op√©rations DB effectu√©s
  800 cycles d'op√©rations DB effectu√©s
  900 cycles d'op√©rations DB effectu√©s

R√©sultats du stress test base de donn√©es:
  Op√©rations: 3100
  Erreurs: 0
  Temps total: 96.96s
  Op√©rations/seconde: 32
  M√©moire utilis√©e: 0MB
</system-out>
    </testcase>
    <testcase name="testGenerateStressReport" file="C:\Users\jeans\Downloads\slide\nexaframeworkv1\tests\Performance\StressTest.php" line="419" class="StressTest" classname="StressTest" assertions="0" time="0.002067">
      <system-out>
=== RAPPORT DE STRESS GLOBAL ===

=== SCORE GLOBAL ===
Score de performance: 0/100
üî¥ Performances √† am√©liorer

Recommandations:
  - Optimiser les composants les moins performants
  - Impl√©menter du cache pour am√©liorer les performances
  - Consid√©rer l'utilisation d'un pool de connexions DB
  - Monitorer les performances en production
  - Impl√©menter des m√©triques de performance
</system-out>
    </testcase>
  </testsuite>
</testsuites>
